08:22:43 | INFO | Inferences | init_logger | Logger initialized for 'Inferences' → log/text\2025-11-10.log
08:22:43 | INFO | Model_Handler | init_logger | Logger initialized for 'Model_Handler' → log/text\2025-11-10.log
08:22:43 | INFO | Inferences | task_select | Successfully load PPE list from JsonAsset/Thickness.json
08:24:13 | INFO | Inferences | init_logger | Logger initialized for 'Inferences' → log/text\2025-11-10.log
08:24:14 | INFO | Model_Handler | init_logger | Logger initialized for 'Model_Handler' → log/text\2025-11-10.log
08:24:14 | INFO | Inferences | task_select | Successfully load PPE list from JsonAsset/Thickness.json
08:24:14 | INFO | Model_Handler | initialize_model | Model loaded successfully.
08:24:14 | INFO | Model_Handler | start_validation | Validation started.
08:24:50 | INFO | Model_Handler | stop_validation | Validation stopped (INTERRUPT).
08:26:39 | INFO | Inferences | init_logger | Logger initialized for 'Inferences' → log/text\2025-11-10.log
08:26:39 | INFO | Model_Handler | init_logger | Logger initialized for 'Model_Handler' → log/text\2025-11-10.log
08:26:39 | INFO | Inferences | task_select | Successfully load PPE list from JsonAsset/Thickness.json
08:26:39 | INFO | Model_Handler | initialize_model | Model loaded successfully.
08:26:39 | INFO | Model_Handler | start_validation | Validation started.
08:29:07 | INFO | Model_Handler | stop_validation | Validation stopped (INTERRUPT).
08:40:50 | INFO | Inferences | init_logger | Logger initialized for 'Inferences' → log/text\2025-11-10.log
08:40:50 | INFO | Model_Handler | init_logger | Logger initialized for 'Model_Handler' → log/text\2025-11-10.log
08:40:50 | INFO | Inferences | task_select | Successfully load PPE list from JsonAsset/Thickness.json
08:42:27 | INFO | Inferences | init_logger | Logger initialized for 'Inferences' → log/text\2025-11-10.log
08:42:27 | INFO | Model_Handler | init_logger | Logger initialized for 'Model_Handler' → log/text\2025-11-10.log
08:42:27 | INFO | Inferences | task_select | Successfully load PPE list from JsonAsset/Thickness.json
08:42:27 | INFO | Model_Handler | initialize_model | Model loaded successfully.
08:42:27 | INFO | Model_Handler | start_validation | Validation started.
08:42:36 | INFO | Model_Handler | stop_validation | Validation stopped (INTERRUPT).
08:42:47 | INFO | Inferences | init_logger | Logger initialized for 'Inferences' → log/text\2025-11-10.log
08:42:47 | INFO | Model_Handler | init_logger | Logger initialized for 'Model_Handler' → log/text\2025-11-10.log
08:42:47 | INFO | Inferences | task_select | Successfully load PPE list from JsonAsset/Thickness.json
08:42:47 | INFO | Model_Handler | initialize_model | Model loaded successfully.
08:42:47 | INFO | Model_Handler | start_validation | Validation started.
08:44:10 | INFO | Model_Handler | stop_validation | Validation stopped (INTERRUPT).
08:51:05 | INFO | Inferences | init_logger | Logger initialized for 'Inferences' → log/text\2025-11-10.log
08:51:05 | INFO | Model_Handler | init_logger | Logger initialized for 'Model_Handler' → log/text\2025-11-10.log
08:51:05 | INFO | Inferences | task_select | Successfully load PPE list from JsonAsset/Thickness.json
08:51:05 | INFO | Model_Handler | initialize_model | Model loaded successfully.
08:51:05 | INFO | Model_Handler | start_validation | Validation started.
08:53:15 | INFO | Model_Handler | stop_validation | Validation stopped (INTERRUPT).
